<?xml version="1.0" encoding="UTF-8"?>
<robot generator="Robot 4.1.1 (Python 3.9.10 on darwin)" generated="20220412 20:42:55.803" rpa="false" schemaversion="2">
<suite id="s1" name="Ecotur" source="/Users/guilhermekageyama/Documents/Robot_Ecotur/ecotur.robot">
<test id="s1-t1" name="[Teste de reserva de produto - Happy path ]">
<kw name="Abrir o site ecotur" library="ecotur" type="SETUP">
<kw name="Open Browser" library="SeleniumLibrary">
<arg>${SITE}</arg>
<arg>${NAVEGADOR}</arg>
<doc>Opens a new browser instance to the optional ``url``.</doc>
<msg timestamp="20220412 20:42:56.942" level="INFO">Opening browser 'chrome' to base url 'http://hikari.s3-website-us-east-1.amazonaws.com/'.</msg>
<status status="PASS" starttime="20220412 20:42:56.940" endtime="20220412 20:43:20.149"/>
</kw>
<status status="PASS" starttime="20220412 20:42:56.928" endtime="20220412 20:43:20.149"/>
</kw>
<kw name="Teste de reserva de produto - happy path" library="ecotur">
<kw name="Clicar em &quot;Iniciar sessão página&quot;" library="ecotur">
<kw name="Sleep" library="BuiltIn">
<arg>5s</arg>
<doc>Pauses the test executed for the given time.</doc>
<msg timestamp="20220412 20:43:25.160" level="INFO">Slept 5 seconds</msg>
<status status="PASS" starttime="20220412 20:43:20.152" endtime="20220412 20:43:25.163"/>
</kw>
<kw name="Click Element" library="SeleniumLibrary">
<arg>${BOTAO_LOGIN}</arg>
<doc>Click the element identified by ``locator``.</doc>
<msg timestamp="20220412 20:43:25.174" level="INFO">Clicking element 'css=a.MuiMenuItem-root:nth-child(2)'.</msg>
<status status="PASS" starttime="20220412 20:43:25.165" endtime="20220412 20:43:25.667"/>
</kw>
<kw name="Sleep" library="BuiltIn">
<arg>5s</arg>
<doc>Pauses the test executed for the given time.</doc>
<msg timestamp="20220412 20:43:30.668" level="INFO">Slept 5 seconds</msg>
<status status="PASS" starttime="20220412 20:43:25.667" endtime="20220412 20:43:30.669"/>
</kw>
<status status="PASS" starttime="20220412 20:43:20.151" endtime="20220412 20:43:30.670"/>
</kw>
<kw name="Inserir dados de login e senha e clicar submit" library="ecotur">
<kw name="Input Text" library="SeleniumLibrary">
<arg>${EMAIL_INPUT}</arg>
<arg>guilhermekageyama@pm.me</arg>
<doc>Types the given ``text`` into the text field identified by ``locator``.</doc>
<msg timestamp="20220412 20:43:30.677" level="INFO">Typing text 'guilhermekageyama@pm.me' into text field 'css=input[name="email"]'.</msg>
<status status="PASS" starttime="20220412 20:43:30.672" endtime="20220412 20:43:32.173"/>
</kw>
<kw name="Sleep" library="BuiltIn">
<arg>5s</arg>
<doc>Pauses the test executed for the given time.</doc>
<msg timestamp="20220412 20:43:37.175" level="INFO">Slept 5 seconds</msg>
<status status="PASS" starttime="20220412 20:43:32.174" endtime="20220412 20:43:37.175"/>
</kw>
<kw name="Input Text" library="SeleniumLibrary">
<arg>${SENHA_INPUT}</arg>
<arg>A1234567a</arg>
<doc>Types the given ``text`` into the text field identified by ``locator``.</doc>
<msg timestamp="20220412 20:43:37.177" level="INFO">Typing text 'A1234567a' into text field 'css=input[name="password"]'.</msg>
<status status="PASS" starttime="20220412 20:43:37.176" endtime="20220412 20:43:37.820"/>
</kw>
<kw name="Sleep" library="BuiltIn">
<arg>5s</arg>
<doc>Pauses the test executed for the given time.</doc>
<msg timestamp="20220412 20:43:42.822" level="INFO">Slept 5 seconds</msg>
<status status="PASS" starttime="20220412 20:43:37.820" endtime="20220412 20:43:42.822"/>
</kw>
<kw name="Click Element" library="SeleniumLibrary">
<arg>${INICIAR_SESSAO_SUBMIT}</arg>
<doc>Click the element identified by ``locator``.</doc>
<msg timestamp="20220412 20:43:42.823" level="INFO">Clicking element 'css=.MuiButton-root'.</msg>
<status status="PASS" starttime="20220412 20:43:42.822" endtime="20220412 20:43:43.062"/>
</kw>
<kw name="Sleep" library="BuiltIn">
<arg>5s</arg>
<doc>Pauses the test executed for the given time.</doc>
<msg timestamp="20220412 20:43:48.064" level="INFO">Slept 5 seconds</msg>
<status status="PASS" starttime="20220412 20:43:43.062" endtime="20220412 20:43:48.064"/>
</kw>
<status status="PASS" starttime="20220412 20:43:30.671" endtime="20220412 20:43:48.064"/>
</kw>
<kw name="Preencher componente de escolha de data e destino" library="ecotur">
<kw name="Sleep" library="BuiltIn">
<arg>5s</arg>
<doc>Pauses the test executed for the given time.</doc>
<msg timestamp="20220412 20:43:53.068" level="INFO">Slept 5 seconds</msg>
<status status="PASS" starttime="20220412 20:43:48.066" endtime="20220412 20:43:53.069"/>
</kw>
<kw name="Click Element" library="SeleniumLibrary">
<arg>${DESTINO_INPUT}</arg>
<doc>Click the element identified by ``locator``.</doc>
<msg timestamp="20220412 20:43:53.070" level="INFO">Clicking element 'css=#location-auto-complete'.</msg>
<status status="PASS" starttime="20220412 20:43:53.069" endtime="20220412 20:43:53.365"/>
</kw>
<kw name="Sleep" library="BuiltIn">
<arg>1s</arg>
<doc>Pauses the test executed for the given time.</doc>
<msg timestamp="20220412 20:43:54.368" level="INFO">Slept 1 second</msg>
<status status="PASS" starttime="20220412 20:43:53.365" endtime="20220412 20:43:54.369"/>
</kw>
<kw name="Input Text" library="SeleniumLibrary">
<arg>${DESTINO_INPUT}</arg>
<arg>Brotas</arg>
<doc>Types the given ``text`` into the text field identified by ``locator``.</doc>
<msg timestamp="20220412 20:43:54.370" level="INFO">Typing text 'Brotas' into text field 'css=#location-auto-complete'.</msg>
<status status="PASS" starttime="20220412 20:43:54.369" endtime="20220412 20:43:54.805"/>
</kw>
<kw name="Sleep" library="BuiltIn">
<arg>1s</arg>
<doc>Pauses the test executed for the given time.</doc>
<msg timestamp="20220412 20:43:55.811" level="INFO">Slept 1 second</msg>
<status status="PASS" starttime="20220412 20:43:54.805" endtime="20220412 20:43:55.812"/>
</kw>
<kw name="Press Keys" library="SeleniumLibrary">
<arg>${DESTINO_INPUT}</arg>
<arg>ARROW_DOWN</arg>
<doc>Simulates the user pressing key(s) to an element or on the active browser.</doc>
<msg timestamp="20220412 20:43:55.813" level="INFO">Sending key(s) ('ARROW_DOWN',) to css=#location-auto-complete element.</msg>
<msg timestamp="20220412 20:43:56.311" level="INFO">Pressing special key ARROW_DOWN to element.</msg>
<msg timestamp="20220412 20:43:56.311" level="INFO">Releasing special key ARROW_DOWN.</msg>
<status status="PASS" starttime="20220412 20:43:55.812" endtime="20220412 20:43:56.325"/>
</kw>
<kw name="Sleep" library="BuiltIn">
<arg>1s</arg>
<doc>Pauses the test executed for the given time.</doc>
<msg timestamp="20220412 20:43:57.327" level="INFO">Slept 1 second</msg>
<status status="PASS" starttime="20220412 20:43:56.325" endtime="20220412 20:43:57.328"/>
</kw>
<kw name="Press Keys" library="SeleniumLibrary">
<arg>${DESTINO_INPUT}</arg>
<arg>ENTER</arg>
<doc>Simulates the user pressing key(s) to an element or on the active browser.</doc>
<msg timestamp="20220412 20:43:57.330" level="INFO">Sending key(s) ('ENTER',) to css=#location-auto-complete element.</msg>
<msg timestamp="20220412 20:43:57.640" level="INFO">Pressing special key ENTER to element.</msg>
<msg timestamp="20220412 20:43:57.640" level="INFO">Releasing special key ENTER.</msg>
<status status="PASS" starttime="20220412 20:43:57.328" endtime="20220412 20:43:57.707"/>
</kw>
<kw name="Click Element" library="SeleniumLibrary">
<arg>${CHECKIN_DATE}</arg>
<doc>Click the element identified by ``locator``.</doc>
<msg timestamp="20220412 20:43:57.708" level="INFO">Clicking element 'css=#mui-95-label'.</msg>
<status status="PASS" starttime="20220412 20:43:57.707" endtime="20220412 20:43:58.560"/>
</kw>
<kw name="Sleep" library="BuiltIn">
<arg>1s</arg>
<doc>Pauses the test executed for the given time.</doc>
<msg timestamp="20220412 20:43:59.563" level="INFO">Slept 1 second</msg>
<status status="PASS" starttime="20220412 20:43:58.561" endtime="20220412 20:43:59.563"/>
</kw>
<kw name="Click Element" library="SeleniumLibrary">
<arg>${DATE_PICKER_1}</arg>
<doc>Click the element identified by ``locator``.</doc>
<msg timestamp="20220412 20:43:59.564" level="INFO">Clicking element 'css=div.sc-iWBNLc:nth-child(1) &gt; div:nth-child(3) &gt; div:nth-child(1) &gt; div:nth-child(4) &gt; div:nth-child(6) &gt; div:nth-child(1)'.</msg>
<status status="PASS" starttime="20220412 20:43:59.564" endtime="20220412 20:43:59.867"/>
</kw>
<kw name="Sleep" library="BuiltIn">
<arg>1s</arg>
<doc>Pauses the test executed for the given time.</doc>
<msg timestamp="20220412 20:44:00.871" level="INFO">Slept 1 second</msg>
<status status="PASS" starttime="20220412 20:43:59.868" endtime="20220412 20:44:00.872"/>
</kw>
<kw name="Click Element" library="SeleniumLibrary">
<arg>${DATE_PICKER_2}</arg>
<doc>Click the element identified by ``locator``.</doc>
<msg timestamp="20220412 20:44:00.874" level="INFO">Clicking element 'css=div.sc-iWBNLc:nth-child(1) &gt; div:nth-child(3) &gt; div:nth-child(1) &gt; div:nth-child(5) &gt; div:nth-child(6) &gt; div:nth-child(1) &gt; button:nth-child(1)'.</msg>
<status status="PASS" starttime="20220412 20:44:00.872" endtime="20220412 20:44:01.496"/>
</kw>
<kw name="Sleep" library="BuiltIn">
<arg>1s</arg>
<doc>Pauses the test executed for the given time.</doc>
<msg timestamp="20220412 20:44:02.500" level="INFO">Slept 1 second</msg>
<status status="PASS" starttime="20220412 20:44:01.497" endtime="20220412 20:44:02.500"/>
</kw>
<kw name="Click Element" library="SeleniumLibrary">
<arg>${PESQUISAR_BUTTON}</arg>
<doc>Click the element identified by ``locator``.</doc>
<msg timestamp="20220412 20:44:02.501" level="INFO">Clicking element 'css=button.sc-fFeiMQ:nth-child(5) &gt; svg:nth-child(1)'.</msg>
<status status="PASS" starttime="20220412 20:44:02.500" endtime="20220412 20:44:02.739"/>
</kw>
<kw name="Sleep" library="BuiltIn">
<arg>3s</arg>
<doc>Pauses the test executed for the given time.</doc>
<msg timestamp="20220412 20:44:05.742" level="INFO">Slept 3 seconds</msg>
<status status="PASS" starttime="20220412 20:44:02.739" endtime="20220412 20:44:05.743"/>
</kw>
<status status="PASS" starttime="20220412 20:43:48.065" endtime="20220412 20:44:05.743"/>
</kw>
<status status="PASS" starttime="20220412 20:43:20.150" endtime="20220412 20:44:05.744"/>
</kw>
<kw name="Close Browser" library="SeleniumLibrary" type="TEARDOWN">
<doc>Closes the current browser.</doc>
<status status="PASS" starttime="20220412 20:44:05.745" endtime="20220412 20:44:06.148"/>
</kw>
<status status="PASS" starttime="20220412 20:42:56.920" endtime="20220412 20:44:06.148"/>
</test>
<status status="PASS" starttime="20220412 20:42:55.807" endtime="20220412 20:44:06.190"/>
</suite>
<statistics>
<total>
<stat pass="1" fail="0" skip="0">All Tests</stat>
</total>
<tag>
</tag>
<suite>
<stat pass="1" fail="0" skip="0" id="s1" name="Ecotur">Ecotur</stat>
</suite>
</statistics>
<errors>
</errors>
</robot>
